<!DOCTYPE html>
<html>
<head>
    <title>MutPy mutation report - mutation #3</title>
    <meta name="viewport" content="width=device-width, initial-scale=1.0">
    <link rel="stylesheet" href="https://netdna.bootstrapcdn.com/bootstrap/3.0.3/css/bootstrap.min.css">
    
<link href="http://alexgorbatchev.com/pub/sh/current/styles/shCore.css" rel="stylesheet" type="text/css" />
<link href="http://alexgorbatchev.com/pub/sh/current/styles/shThemeDefault.css" rel="stylesheet" type="text/css" />

    <script src="https://code.jquery.com/jquery.js"></script>
    <script src="https://netdna.bootstrapcdn.com/bootstrap/3.0.3/js/bootstrap.min.js"></script>
    <!--[if lt IE 9]>
    <script src="https://oss.maxcdn.com/libs/html5shiv/3.7.0/html5shiv.js"></script>
    <script src="https://oss.maxcdn.com/libs/respond.js/1.3.0/respond.min.js"></script>
    <![endif]-->
    
<script src="http://alexgorbatchev.com/pub/sh/current/scripts/shCore.js" type="text/javascript"></script>
<script src="http://alexgorbatchev.com/pub/sh/current/scripts/shBrushPython.js" type="text/javascript"></script>
<script type="text/javascript">
    SyntaxHighlighter.all();
    window.setTimeout(function () {
        
        $('.line.number6').attr('title', 'ROR');
        
    }, 0);
</script>

</head>
<body>
    <div class="container">
        
<div class="page-header">
    <h1>Mutation #3</h1>
</div>
<h3>Details</h3>
<ul>
    <li>module - <code><module 'anagrams' from 'C:\\Users\\mira\\source\\repos\\Software-Testing\\.\\anagrams.py'></code></li>
    <li><span class="label label-success">killed</span> by <code>test_anagrams.py::test_anagrams[Race-Care-True]</code></li>
    
    <li>duration - 0.112 s</li>
    
    
    <li>tests run - 1</li>
    
</ul>

<h3>Exception traceback</h3>
<pre>firstWord = 'Race', secondWord = 'Care', expected = True

    @pytest.mark.parametrize(
        ("firstWord", "secondWord", "expected"),
        (
                ("Race", "Care", True),
                ("supercalifragilisticexpialidocious", "fragile", False),
                ("", "", True),
                ("aaaa", "aaaa", True),
                ("smaller", "less", False),
                ("a gentleman", "elegant man", True),
    
        )
    )
    def test_anagrams(firstWord: str, secondWord: str, expected: str):
        result = are_anagrams(firstWord, secondWord)
>       assert result == expected
E       AssertionError

test_anagrams.py:18: AssertionError</pre>

<h3>Mutations</h3>
<ul>
    
    <li>ROR - line 6</li>
    
</ul>
<h3>Mutant</h3>
<pre class="brush: python; first-line: 2; highlight: [6]; toolbar: false;">
def are_anagrams(str1: str, str2: str):
    str1 = str1.lower()
    str2 = str2.lower()
    
    if len(str1) != len(str2):
        sorted_str1 = sorted(str1)
        sorted_str2 = sorted(str2)
        
        if sorted_str1 == sorted_str2:
            return True
        else:
            return False
    
    return False</pre>

    </div>
</body>
</html>